<?xml version="1.0" encoding="UTF-8"?>
<!-- Generated by org.testng.reporters.JUnitReportReporter -->
<testsuite hostname="ceko" name="Appium.Fammy" tests="1" failures="0" timestamp="25 Apr 2016 08:25:57 GMT" time="33.403" errors="0">
  <testcase name="testCal" time="33.403" classname="Appium.Fammy"/>
</testsuite> <!-- Appium.Fammy -->
