<?xml version="1.0" encoding="UTF-8"?>
<!-- Generated by org.testng.reporters.JUnitReportReporter -->
<testsuite hostname="ceko" name="Appium.Calculator" tests="1" failures="0" timestamp="25 Apr 2016 06:53:06 GMT" time="3.895" errors="0">
  <testcase name="testCal" time="3.895" classname="Appium.Calculator"/>
</testsuite> <!-- Appium.Calculator -->
